TpTrace Verbose: 0 : 29260, 1, 2021/07/15, 10:10:15.398, 630530820960, vstest.console.dll, Version: 16.10.0-release-20210520-03
TpTrace Information: 0 : 29260, 1, 2021/07/15, 10:10:15.423, 630531013931, vstest.console.dll, FilePatternParser: The given file C:\Users\jordi\source\repos\University8WcfService\Vueling\Vueling.Infrastructure.Repository.Unit.Tests\bin\Debug\netcoreapp3.1\fine-code-coverage\build-output\Vueling.Infrastructure.Repository.Unit.Tests.dll is a full path.
TpTrace Verbose: 0 : 29260, 1, 2021/07/15, 10:10:15.439, 630531178283, vstest.console.dll, TestPluginCache.DiscoverTestExtensions: finding test extensions in assemblies ends with: RuntimeProvider.dll TPluginInfo: Microsoft.VisualStudio.TestPlatform.Common.ExtensionFramework.Utilities.TestRuntimePluginInformation TExtension: Microsoft.VisualStudio.TestPlatform.ObjectModel.Host.ITestRuntimeProvider
TpTrace Verbose: 0 : 29260, 1, 2021/07/15, 10:10:15.440, 630531185779, vstest.console.dll, TestPluginCache.GetExtensionPaths: Filtered extension paths: 
TpTrace Verbose: 0 : 29260, 1, 2021/07/15, 10:10:15.440, 630531188010, vstest.console.dll, TestPluginCache.GetExtensionPaths: Added default extension paths: C:\Program Files\dotnet\sdk\5.0.301\Extensions\Microsoft.Diagnostics.NETCore.Client.dll
C:\Program Files\dotnet\sdk\5.0.301\Extensions\Microsoft.TestPlatform.Extensions.BlameDataCollector.dll
C:\Program Files\dotnet\sdk\5.0.301\Extensions\Microsoft.TestPlatform.Extensions.EventLogCollector.dll
C:\Program Files\dotnet\sdk\5.0.301\Extensions\Microsoft.TestPlatform.TestHostRuntimeProvider.dll
C:\Program Files\dotnet\sdk\5.0.301\Extensions\Microsoft.VisualStudio.TestPlatform.Extensions.Html.TestLogger.dll
C:\Program Files\dotnet\sdk\5.0.301\Extensions\Microsoft.VisualStudio.TestPlatform.Extensions.Trx.TestLogger.dll
TpTrace Verbose: 0 : 29260, 1, 2021/07/15, 10:10:15.441, 630531189258, vstest.console.dll, TestPluginCache.GetExtensionPaths: Added unfilterableExtensionPaths: 
TpTrace Information: 0 : 29260, 1, 2021/07/15, 10:10:15.442, 630531204469, vstest.console.dll, AssemblyResolver.ctor: Creating AssemblyResolver with searchDirectories C:\Program Files\dotnet\sdk\5.0.301\Extensions,C:\Program Files\dotnet\sdk\5.0.301
TpTrace Verbose: 0 : 29260, 1, 2021/07/15, 10:10:15.444, 630531222450, vstest.console.dll, TestPluginCache.DiscoverTestExtensions: Discovering the extensions using extension path.
TpTrace Verbose: 0 : 29260, 1, 2021/07/15, 10:10:15.444, 630531224803, vstest.console.dll, TestPluginCache.GetExtensionPaths: Filtered extension paths: 
TpTrace Verbose: 0 : 29260, 1, 2021/07/15, 10:10:15.444, 630531226208, vstest.console.dll, TestPluginCache.GetExtensionPaths: Added default extension paths: C:\Program Files\dotnet\sdk\5.0.301\Extensions\Microsoft.Diagnostics.NETCore.Client.dll
C:\Program Files\dotnet\sdk\5.0.301\Extensions\Microsoft.TestPlatform.Extensions.BlameDataCollector.dll
C:\Program Files\dotnet\sdk\5.0.301\Extensions\Microsoft.TestPlatform.Extensions.EventLogCollector.dll
C:\Program Files\dotnet\sdk\5.0.301\Extensions\Microsoft.TestPlatform.TestHostRuntimeProvider.dll
C:\Program Files\dotnet\sdk\5.0.301\Extensions\Microsoft.VisualStudio.TestPlatform.Extensions.Html.TestLogger.dll
C:\Program Files\dotnet\sdk\5.0.301\Extensions\Microsoft.VisualStudio.TestPlatform.Extensions.Trx.TestLogger.dll
TpTrace Verbose: 0 : 29260, 1, 2021/07/15, 10:10:15.444, 630531227192, vstest.console.dll, TestPluginCache.GetExtensionPaths: Added unfilterableExtensionPaths: 
TpTrace Verbose: 0 : 29260, 1, 2021/07/15, 10:10:15.445, 630531228578, vstest.console.dll, TestPluginCache.DiscoverTestExtensions: Discovering the extensions using allExtensionPaths: C:\Program Files\dotnet\sdk\5.0.301\Extensions\Microsoft.Diagnostics.NETCore.Client.dll
C:\Program Files\dotnet\sdk\5.0.301\Extensions\Microsoft.TestPlatform.Extensions.BlameDataCollector.dll
C:\Program Files\dotnet\sdk\5.0.301\Extensions\Microsoft.TestPlatform.Extensions.EventLogCollector.dll
C:\Program Files\dotnet\sdk\5.0.301\Extensions\Microsoft.TestPlatform.TestHostRuntimeProvider.dll
C:\Program Files\dotnet\sdk\5.0.301\Extensions\Microsoft.VisualStudio.TestPlatform.Extensions.Html.TestLogger.dll
C:\Program Files\dotnet\sdk\5.0.301\Extensions\Microsoft.VisualStudio.TestPlatform.Extensions.Trx.TestLogger.dll
TpTrace Information: 0 : 29260, 1, 2021/07/15, 10:10:15.445, 630531230989, vstest.console.dll, AssemblyResolver.AddSearchDirectories: Adding more searchDirectories C:\Program Files\dotnet\sdk\5.0.301\Extensions,C:\Program Files\dotnet\sdk\5.0.301
TpTrace Information: 0 : 29260, 1, 2021/07/15, 10:10:15.445, 630531232436, vstest.console.dll, AssemblyResolver.AddSearchDirectories: Adding more searchDirectories C:\Program Files\dotnet\sdk\5.0.301\Extensions,C:\Program Files\dotnet\sdk\5.0.301
TpTrace Information: 0 : 29260, 1, 2021/07/15, 10:10:15.445, 630531233670, vstest.console.dll, AssemblyResolver.AddSearchDirectories: Adding more searchDirectories C:\Program Files\dotnet\sdk\5.0.301\Extensions,C:\Program Files\dotnet\sdk\5.0.301
TpTrace Information: 0 : 29260, 1, 2021/07/15, 10:10:15.445, 630531234588, vstest.console.dll, AssemblyResolver.AddSearchDirectories: Adding more searchDirectories C:\Program Files\dotnet\sdk\5.0.301\Extensions,C:\Program Files\dotnet\sdk\5.0.301
TpTrace Information: 0 : 29260, 1, 2021/07/15, 10:10:15.445, 630531235622, vstest.console.dll, AssemblyResolver.AddSearchDirectories: Adding more searchDirectories C:\Program Files\dotnet\sdk\5.0.301\Extensions,C:\Program Files\dotnet\sdk\5.0.301
TpTrace Information: 0 : 29260, 1, 2021/07/15, 10:10:15.445, 630531236630, vstest.console.dll, AssemblyResolver.AddSearchDirectories: Adding more searchDirectories C:\Program Files\dotnet\sdk\5.0.301\Extensions,C:\Program Files\dotnet\sdk\5.0.301
TpTrace Information: 0 : 29260, 1, 2021/07/15, 10:10:15.447, 630531254048, vstest.console.dll, AssemblyResolver.OnResolve: Microsoft.Diagnostics.NETCore.Client: Resolving assembly.
TpTrace Information: 0 : 29260, 1, 2021/07/15, 10:10:15.447, 630531256142, vstest.console.dll, AssemblyResolver.OnResolve: Microsoft.Diagnostics.NETCore.Client: Searching in: 'C:\Program Files\dotnet\sdk\5.0.301\Extensions'.
TpTrace Information: 0 : 29260, 1, 2021/07/15, 10:10:15.449, 630531272954, vstest.console.dll, AssemblyResolver.OnResolve: Microsoft.Diagnostics.NETCore.Client: Loading assembly 'C:\Program Files\dotnet\sdk\5.0.301\Extensions\Microsoft.Diagnostics.NETCore.Client.dll'.
TpTrace Information: 0 : 29260, 1, 2021/07/15, 10:10:15.452, 630531299989, vstest.console.dll, AssemblyResolver.OnResolve: Resolved assembly: Microsoft.Diagnostics.NETCore.Client, from path: C:\Program Files\dotnet\sdk\5.0.301\Extensions\Microsoft.Diagnostics.NETCore.Client.dll
TpTrace Information: 0 : 29260, 1, 2021/07/15, 10:10:15.458, 630531363997, vstest.console.dll, AssemblyResolver.OnResolve: Microsoft.Bcl.AsyncInterfaces: Resolving assembly.
TpTrace Information: 0 : 29260, 1, 2021/07/15, 10:10:15.458, 630531367396, vstest.console.dll, AssemblyResolver.OnResolve: Microsoft.Bcl.AsyncInterfaces: Searching in: 'C:\Program Files\dotnet\sdk\5.0.301\Extensions'.
TpTrace Information: 0 : 29260, 1, 2021/07/15, 10:10:15.459, 630531371020, vstest.console.dll, AssemblyResolver.OnResolve: Microsoft.Bcl.AsyncInterfaces: Assembly path does not exist: 'C:\Program Files\dotnet\sdk\5.0.301\Extensions\Microsoft.Bcl.AsyncInterfaces.dll', returning.
TpTrace Information: 0 : 29260, 1, 2021/07/15, 10:10:15.459, 630531374221, vstest.console.dll, AssemblyResolver.OnResolve: Microsoft.Bcl.AsyncInterfaces: Assembly path does not exist: 'C:\Program Files\dotnet\sdk\5.0.301\Extensions\Microsoft.Bcl.AsyncInterfaces.exe', returning.
TpTrace Information: 0 : 29260, 1, 2021/07/15, 10:10:15.459, 630531376016, vstest.console.dll, AssemblyResolver.OnResolve: Microsoft.Bcl.AsyncInterfaces: Searching in: 'C:\Program Files\dotnet\sdk\5.0.301'.
TpTrace Information: 0 : 29260, 1, 2021/07/15, 10:10:15.460, 630531378915, vstest.console.dll, AssemblyResolver.OnResolve: Microsoft.Bcl.AsyncInterfaces: Assembly path does not exist: 'C:\Program Files\dotnet\sdk\5.0.301\Microsoft.Bcl.AsyncInterfaces.dll', returning.
TpTrace Information: 0 : 29260, 1, 2021/07/15, 10:10:15.460, 630531381835, vstest.console.dll, AssemblyResolver.OnResolve: Microsoft.Bcl.AsyncInterfaces: Assembly path does not exist: 'C:\Program Files\dotnet\sdk\5.0.301\Microsoft.Bcl.AsyncInterfaces.exe', returning.
TpTrace Information: 0 : 29260, 1, 2021/07/15, 10:10:15.460, 630531383457, vstest.console.dll, AssemblyResolver.OnResolve: Microsoft.Bcl.AsyncInterfaces: Failed to load assembly.
TpTrace Verbose: 0 : 29260, 1, 2021/07/15, 10:10:15.460, 630531385255, vstest.console.dll, CurrentDomainAssemblyResolve: Resolving assembly 'Microsoft.Bcl.AsyncInterfaces'.
TpTrace Information: 0 : 29260, 1, 2021/07/15, 10:10:15.460, 630531388042, vstest.console.dll, AssemblyResolver.OnResolve: Microsoft.Bcl.AsyncInterfaces: Resolving assembly.
TpTrace Information: 0 : 29260, 1, 2021/07/15, 10:10:15.461, 630531390119, vstest.console.dll, AssemblyResolver.OnResolve: Microsoft.Bcl.AsyncInterfaces: Resolved from cache.
TpTrace Verbose: 0 : 29260, 1, 2021/07/15, 10:10:15.461, 630531391766, vstest.console.dll, CurrentDomainAssemblyResolve: Resolving assembly 'Microsoft.Bcl.AsyncInterfaces'.
TpTrace Verbose: 0 : 29260, 1, 2021/07/15, 10:10:15.461, 630531393130, vstest.console.dll, CurrentDomainAssemblyResolve: Failed to resolve assembly 'Microsoft.Bcl.AsyncInterfaces'.
TpTrace Verbose: 0 : 29260, 1, 2021/07/15, 10:10:15.471, 630531491728, vstest.console.dll, CurrentDomainAssemblyResolve: Failed to resolve assembly 'Microsoft.Bcl.AsyncInterfaces'.
TpTrace Warning: 0 : 29260, 1, 2021/07/15, 10:10:15.520, 630531981865, vstest.console.dll, TestPluginDiscoverer: Failed to get types from assembly 'Microsoft.Diagnostics.NETCore.Client, Version=0.2.2.41902, Culture=neutral, PublicKeyToken=31bf3856ad364e35'.  Skipping test extension scan for this assembly.  Error: System.Reflection.ReflectionTypeLoadException: Unable to load one or more of the requested types.
Could not load file or assembly 'Microsoft.Bcl.AsyncInterfaces, Version=1.0.0.0, Culture=neutral, PublicKeyToken=cc7b13ffcd2ddd51'. El sistema no puede encontrar el archivo especificado.
   at System.Reflection.RuntimeModule.GetTypes(RuntimeModule module)
   at System.Reflection.RuntimeModule.GetTypes()
   at System.Reflection.Assembly.GetTypes()
   at Microsoft.VisualStudio.TestPlatform.Common.ExtensionFramework.TestPluginDiscoverer.GetTestExtensionsFromAssembly[TPluginInfo,TExtension](Assembly assembly, Dictionary`2 pluginInfos)
System.IO.FileNotFoundException: Could not load file or assembly 'Microsoft.Bcl.AsyncInterfaces, Version=1.0.0.0, Culture=neutral, PublicKeyToken=cc7b13ffcd2ddd51'. El sistema no puede encontrar el archivo especificado.
File name: 'Microsoft.Bcl.AsyncInterfaces, Version=1.0.0.0, Culture=neutral, PublicKeyToken=cc7b13ffcd2ddd51'
TpTrace Warning: 0 : 29260, 1, 2021/07/15, 10:10:15.520, 630531984359, vstest.console.dll, LoaderExceptions: System.IO.FileNotFoundException: Could not load file or assembly 'Microsoft.Bcl.AsyncInterfaces, Version=1.0.0.0, Culture=neutral, PublicKeyToken=cc7b13ffcd2ddd51'. El sistema no puede encontrar el archivo especificado.
File name: 'Microsoft.Bcl.AsyncInterfaces, Version=1.0.0.0, Culture=neutral, PublicKeyToken=cc7b13ffcd2ddd51'
TpTrace Information: 0 : 29260, 1, 2021/07/15, 10:10:15.520, 630531986919, vstest.console.dll, AssemblyResolver.OnResolve: Microsoft.TestPlatform.Extensions.BlameDataCollector: Resolving assembly.
TpTrace Information: 0 : 29260, 1, 2021/07/15, 10:10:15.520, 630531988083, vstest.console.dll, AssemblyResolver.OnResolve: Microsoft.TestPlatform.Extensions.BlameDataCollector: Searching in: 'C:\Program Files\dotnet\sdk\5.0.301\Extensions'.
TpTrace Information: 0 : 29260, 1, 2021/07/15, 10:10:15.522, 630532000399, vstest.console.dll, AssemblyResolver.OnResolve: Microsoft.TestPlatform.Extensions.BlameDataCollector: Loading assembly 'C:\Program Files\dotnet\sdk\5.0.301\Extensions\Microsoft.TestPlatform.Extensions.BlameDataCollector.dll'.
TpTrace Information: 0 : 29260, 1, 2021/07/15, 10:10:15.523, 630532014405, vstest.console.dll, AssemblyResolver.OnResolve: Resolved assembly: Microsoft.TestPlatform.Extensions.BlameDataCollector, from path: C:\Program Files\dotnet\sdk\5.0.301\Extensions\Microsoft.TestPlatform.Extensions.BlameDataCollector.dll
TpTrace Information: 0 : 29260, 1, 2021/07/15, 10:10:15.525, 630532031712, vstest.console.dll, AssemblyResolver.OnResolve: Microsoft.TestPlatform.Extensions.EventLogCollector: Resolving assembly.
TpTrace Information: 0 : 29260, 1, 2021/07/15, 10:10:15.525, 630532033448, vstest.console.dll, AssemblyResolver.OnResolve: Microsoft.TestPlatform.Extensions.EventLogCollector: Searching in: 'C:\Program Files\dotnet\sdk\5.0.301\Extensions'.
TpTrace Information: 0 : 29260, 1, 2021/07/15, 10:10:15.526, 630532042015, vstest.console.dll, AssemblyResolver.OnResolve: Microsoft.TestPlatform.Extensions.EventLogCollector: Loading assembly 'C:\Program Files\dotnet\sdk\5.0.301\Extensions\Microsoft.TestPlatform.Extensions.EventLogCollector.dll'.
TpTrace Information: 0 : 29260, 1, 2021/07/15, 10:10:15.527, 630532050211, vstest.console.dll, AssemblyResolver.OnResolve: Resolved assembly: Microsoft.TestPlatform.Extensions.EventLogCollector, from path: C:\Program Files\dotnet\sdk\5.0.301\Extensions\Microsoft.TestPlatform.Extensions.EventLogCollector.dll
TpTrace Information: 0 : 29260, 1, 2021/07/15, 10:10:15.531, 630532091934, vstest.console.dll, AssemblyResolver.OnResolve: Microsoft.TestPlatform.TestHostRuntimeProvider: Resolving assembly.
TpTrace Information: 0 : 29260, 1, 2021/07/15, 10:10:15.531, 630532093516, vstest.console.dll, AssemblyResolver.OnResolve: Microsoft.TestPlatform.TestHostRuntimeProvider: Searching in: 'C:\Program Files\dotnet\sdk\5.0.301\Extensions'.
TpTrace Information: 0 : 29260, 1, 2021/07/15, 10:10:15.532, 630532101158, vstest.console.dll, AssemblyResolver.OnResolve: Microsoft.TestPlatform.TestHostRuntimeProvider: Loading assembly 'C:\Program Files\dotnet\sdk\5.0.301\Extensions\Microsoft.TestPlatform.TestHostRuntimeProvider.dll'.
TpTrace Information: 0 : 29260, 1, 2021/07/15, 10:10:15.533, 630532111602, vstest.console.dll, AssemblyResolver.OnResolve: Resolved assembly: Microsoft.TestPlatform.TestHostRuntimeProvider, from path: C:\Program Files\dotnet\sdk\5.0.301\Extensions\Microsoft.TestPlatform.TestHostRuntimeProvider.dll
TpTrace Information: 0 : 29260, 1, 2021/07/15, 10:10:15.535, 630532131349, vstest.console.dll, AssemblyResolver.OnResolve: Microsoft.VisualStudio.TestPlatform.Extensions.Html.TestLogger: Resolving assembly.
TpTrace Information: 0 : 29260, 1, 2021/07/15, 10:10:15.535, 630532132792, vstest.console.dll, AssemblyResolver.OnResolve: Microsoft.VisualStudio.TestPlatform.Extensions.Html.TestLogger: Searching in: 'C:\Program Files\dotnet\sdk\5.0.301\Extensions'.
TpTrace Information: 0 : 29260, 1, 2021/07/15, 10:10:15.536, 630532140857, vstest.console.dll, AssemblyResolver.OnResolve: Microsoft.VisualStudio.TestPlatform.Extensions.Html.TestLogger: Loading assembly 'C:\Program Files\dotnet\sdk\5.0.301\Extensions\Microsoft.VisualStudio.TestPlatform.Extensions.Html.TestLogger.dll'.
TpTrace Information: 0 : 29260, 1, 2021/07/15, 10:10:15.537, 630532149586, vstest.console.dll, AssemblyResolver.OnResolve: Resolved assembly: Microsoft.VisualStudio.TestPlatform.Extensions.Html.TestLogger, from path: C:\Program Files\dotnet\sdk\5.0.301\Extensions\Microsoft.VisualStudio.TestPlatform.Extensions.Html.TestLogger.dll
TpTrace Information: 0 : 29260, 1, 2021/07/15, 10:10:15.537, 630532155638, vstest.console.dll, AssemblyResolver.OnResolve: Microsoft.VisualStudio.TestPlatform.Extensions.Trx.TestLogger: Resolving assembly.
TpTrace Information: 0 : 29260, 1, 2021/07/15, 10:10:15.537, 630532156973, vstest.console.dll, AssemblyResolver.OnResolve: Microsoft.VisualStudio.TestPlatform.Extensions.Trx.TestLogger: Searching in: 'C:\Program Files\dotnet\sdk\5.0.301\Extensions'.
TpTrace Information: 0 : 29260, 1, 2021/07/15, 10:10:15.539, 630532169344, vstest.console.dll, AssemblyResolver.OnResolve: Microsoft.VisualStudio.TestPlatform.Extensions.Trx.TestLogger: Loading assembly 'C:\Program Files\dotnet\sdk\5.0.301\Extensions\Microsoft.VisualStudio.TestPlatform.Extensions.Trx.TestLogger.dll'.
TpTrace Information: 0 : 29260, 1, 2021/07/15, 10:10:15.541, 630532190754, vstest.console.dll, AssemblyResolver.OnResolve: Resolved assembly: Microsoft.VisualStudio.TestPlatform.Extensions.Trx.TestLogger, from path: C:\Program Files\dotnet\sdk\5.0.301\Extensions\Microsoft.VisualStudio.TestPlatform.Extensions.Trx.TestLogger.dll
TpTrace Verbose: 0 : 29260, 1, 2021/07/15, 10:10:15.542, 630532205707, vstest.console.dll, TestPluginCache: Discovered the extensions using extension path ''.
TpTrace Verbose: 0 : 29260, 1, 2021/07/15, 10:10:15.542, 630532207348, vstest.console.dll, TestPluginCache: Discoverers are ''.
TpTrace Verbose: 0 : 29260, 1, 2021/07/15, 10:10:15.542, 630532208255, vstest.console.dll, TestPluginCache: Executors are ''.
TpTrace Verbose: 0 : 29260, 1, 2021/07/15, 10:10:15.543, 630532209207, vstest.console.dll, TestPluginCache: Executors2 are ''.
TpTrace Verbose: 0 : 29260, 1, 2021/07/15, 10:10:15.543, 630532210051, vstest.console.dll, TestPluginCache: Setting providers are ''.
TpTrace Verbose: 0 : 29260, 1, 2021/07/15, 10:10:15.543, 630532210889, vstest.console.dll, TestPluginCache: Loggers are ''.
TpTrace Information: 0 : 29260, 1, 2021/07/15, 10:10:15.551, 630532297878, vstest.console.dll, RunTestsArgumentProcessor:Execute: Test run is starting.
TpTrace Verbose: 0 : 29260, 1, 2021/07/15, 10:10:15.552, 630532299923, vstest.console.dll, RunTestsArgumentProcessor:Execute: Queuing Test run.
TpTrace Information: 0 : 29260, 1, 2021/07/15, 10:10:15.552, 630532303440, vstest.console.dll, TestRequestManager.RunTests: run tests started.
TpTrace Information: 0 : 29260, 1, 2021/07/15, 10:10:15.571, 630532490533, vstest.console.dll, AssemblyMetadataProvider.GetFrameWork: Determined framework:'.NETCoreApp,Version=v3.1' for source: 'C:\Users\jordi\source\repos\University8WcfService\Vueling\Vueling.Infrastructure.Repository.Unit.Tests\bin\Debug\netcoreapp3.1\fine-code-coverage\build-output\Vueling.Infrastructure.Repository.Unit.Tests.dll'
TpTrace Information: 0 : 29260, 1, 2021/07/15, 10:10:15.571, 630532494230, vstest.console.dll, Determined framework for all sources: .NETCoreApp,Version=v3.1
TpTrace Information: 0 : 29260, 1, 2021/07/15, 10:10:15.572, 630532505285, vstest.console.dll, AssemblyMetadataProvider.GetArchitecture: Determined architecture:AnyCPU info for assembly: C:\Users\jordi\source\repos\University8WcfService\Vueling\Vueling.Infrastructure.Repository.Unit.Tests\bin\Debug\netcoreapp3.1\fine-code-coverage\build-output\Vueling.Infrastructure.Repository.Unit.Tests.dll
TpTrace Information: 0 : 29260, 1, 2021/07/15, 10:10:15.576, 630532543321, vstest.console.dll, Determined platform for all sources: X64
TpTrace Information: 0 : 29260, 1, 2021/07/15, 10:10:15.581, 630532589940, vstest.console.dll, Compatible sources list : 
TpTrace Information: 0 : 29260, 1, 2021/07/15, 10:10:15.581, 630532591795, vstest.console.dll, C:\Users\jordi\source\repos\University8WcfService\Vueling\Vueling.Infrastructure.Repository.Unit.Tests\bin\Debug\netcoreapp3.1\fine-code-coverage\build-output\Vueling.Infrastructure.Repository.Unit.Tests.dll
TpTrace Information: 0 : 29260, 1, 2021/07/15, 10:10:15.587, 630532651901, vstest.console.dll, InferRunSettingsHelper.IsTestSettingsEnabled: Unable to navigate to RunSettings/MSTest. Current node: RunSettings
TpTrace Information: 0 : 29260, 1, 2021/07/15, 10:10:15.588, 630532663781, vstest.console.dll, AssemblyResolver.OnResolve: Microsoft.VisualStudio.TestPlatform.Fakes: Resolving assembly.
TpTrace Information: 0 : 29260, 1, 2021/07/15, 10:10:15.588, 630532665391, vstest.console.dll, AssemblyResolver.OnResolve: Microsoft.VisualStudio.TestPlatform.Fakes: Searching in: 'C:\Program Files\dotnet\sdk\5.0.301\Extensions'.
TpTrace Information: 0 : 29260, 1, 2021/07/15, 10:10:15.588, 630532667895, vstest.console.dll, AssemblyResolver.OnResolve: Microsoft.VisualStudio.TestPlatform.Fakes: Assembly path does not exist: 'C:\Program Files\dotnet\sdk\5.0.301\Extensions\Microsoft.VisualStudio.TestPlatform.Fakes.dll', returning.
TpTrace Information: 0 : 29260, 1, 2021/07/15, 10:10:15.589, 630532669996, vstest.console.dll, AssemblyResolver.OnResolve: Microsoft.VisualStudio.TestPlatform.Fakes: Assembly path does not exist: 'C:\Program Files\dotnet\sdk\5.0.301\Extensions\Microsoft.VisualStudio.TestPlatform.Fakes.exe', returning.
TpTrace Information: 0 : 29260, 1, 2021/07/15, 10:10:15.589, 630532671067, vstest.console.dll, AssemblyResolver.OnResolve: Microsoft.VisualStudio.TestPlatform.Fakes: Searching in: 'C:\Program Files\dotnet\sdk\5.0.301'.
TpTrace Information: 0 : 29260, 1, 2021/07/15, 10:10:15.589, 630532672839, vstest.console.dll, AssemblyResolver.OnResolve: Microsoft.VisualStudio.TestPlatform.Fakes: Assembly path does not exist: 'C:\Program Files\dotnet\sdk\5.0.301\Microsoft.VisualStudio.TestPlatform.Fakes.dll', returning.
TpTrace Information: 0 : 29260, 1, 2021/07/15, 10:10:15.589, 630532674562, vstest.console.dll, AssemblyResolver.OnResolve: Microsoft.VisualStudio.TestPlatform.Fakes: Assembly path does not exist: 'C:\Program Files\dotnet\sdk\5.0.301\Microsoft.VisualStudio.TestPlatform.Fakes.exe', returning.
TpTrace Information: 0 : 29260, 1, 2021/07/15, 10:10:15.589, 630532675718, vstest.console.dll, AssemblyResolver.OnResolve: Microsoft.VisualStudio.TestPlatform.Fakes: Failed to load assembly.
TpTrace Information: 0 : 29260, 1, 2021/07/15, 10:10:15.590, 630532687926, vstest.console.dll, Failed to create newly implemented Fakes Configurator. Reason:System.IO.FileNotFoundException: Could not load file or assembly 'Microsoft.VisualStudio.TestPlatform.Fakes, Version=16.0.0.0, Culture=neutral, PublicKeyToken=null'. El sistema no puede encontrar el archivo especificado.
File name: 'Microsoft.VisualStudio.TestPlatform.Fakes, Version=16.0.0.0, Culture=neutral, PublicKeyToken=null'
   at System.Reflection.RuntimeAssembly.InternalLoad(ObjectHandleOnStack assemblyName, ObjectHandleOnStack requestingAssembly, StackCrawlMarkHandle stackMark, Boolean throwOnFileNotFound, ObjectHandleOnStack assemblyLoadContext, ObjectHandleOnStack retAssembly)
   at System.Reflection.RuntimeAssembly.InternalLoad(AssemblyName assemblyName, RuntimeAssembly requestingAssembly, StackCrawlMark& stackMark, Boolean throwOnFileNotFound, AssemblyLoadContext assemblyLoadContext)
   at System.Reflection.Assembly.Load(AssemblyName assemblyRef)
   at Microsoft.VisualStudio.TestPlatform.Common.Utilities.FakesUtilities.TryGetFakesCrossPlatformDataCollectorConfigurator() 
TpTrace Verbose: 0 : 29260, 1, 2021/07/15, 10:10:15.597, 630532757426, vstest.console.dll, TestPluginCache.DiscoverTestExtensions: finding test extensions in assemblies ends with: TestLogger.dll TPluginInfo: Microsoft.VisualStudio.TestPlatform.Common.ExtensionFramework.Utilities.TestLoggerPluginInformation TExtension: Microsoft.VisualStudio.TestPlatform.ObjectModel.Client.ITestLogger
TpTrace Verbose: 0 : 29260, 1, 2021/07/15, 10:10:15.598, 630532759559, vstest.console.dll, TestPluginCache.GetExtensionPaths: Filtered extension paths: 
TpTrace Verbose: 0 : 29260, 1, 2021/07/15, 10:10:15.598, 630532760603, vstest.console.dll, TestPluginCache.GetExtensionPaths: Added default extension paths: C:\Program Files\dotnet\sdk\5.0.301\Extensions\Microsoft.Diagnostics.NETCore.Client.dll
C:\Program Files\dotnet\sdk\5.0.301\Extensions\Microsoft.TestPlatform.Extensions.BlameDataCollector.dll
C:\Program Files\dotnet\sdk\5.0.301\Extensions\Microsoft.TestPlatform.Extensions.EventLogCollector.dll
C:\Program Files\dotnet\sdk\5.0.301\Extensions\Microsoft.TestPlatform.TestHostRuntimeProvider.dll
C:\Program Files\dotnet\sdk\5.0.301\Extensions\Microsoft.VisualStudio.TestPlatform.Extensions.Html.TestLogger.dll
C:\Program Files\dotnet\sdk\5.0.301\Extensions\Microsoft.VisualStudio.TestPlatform.Extensions.Trx.TestLogger.dll
TpTrace Verbose: 0 : 29260, 1, 2021/07/15, 10:10:15.598, 630532761649, vstest.console.dll, TestPluginCache.GetExtensionPaths: Added unfilterableExtensionPaths: 
TpTrace Information: 0 : 29260, 1, 2021/07/15, 10:10:15.598, 630532764767, vstest.console.dll, AssemblyResolver.AddSearchDirectories: Adding more searchDirectories C:\Program Files\dotnet\sdk\5.0.301\Extensions,C:\Program Files\dotnet\sdk\5.0.301
TpTrace Verbose: 0 : 29260, 1, 2021/07/15, 10:10:15.598, 630532766133, vstest.console.dll, TestPluginCache.DiscoverTestExtensions: Discovering the extensions using extension path.
TpTrace Verbose: 0 : 29260, 1, 2021/07/15, 10:10:15.598, 630532767189, vstest.console.dll, TestPluginCache.GetExtensionPaths: Filtered extension paths: 
TpTrace Verbose: 0 : 29260, 1, 2021/07/15, 10:10:15.598, 630532768075, vstest.console.dll, TestPluginCache.GetExtensionPaths: Added default extension paths: C:\Program Files\dotnet\sdk\5.0.301\Extensions\Microsoft.Diagnostics.NETCore.Client.dll
C:\Program Files\dotnet\sdk\5.0.301\Extensions\Microsoft.TestPlatform.Extensions.BlameDataCollector.dll
C:\Program Files\dotnet\sdk\5.0.301\Extensions\Microsoft.TestPlatform.Extensions.EventLogCollector.dll
C:\Program Files\dotnet\sdk\5.0.301\Extensions\Microsoft.TestPlatform.TestHostRuntimeProvider.dll
C:\Program Files\dotnet\sdk\5.0.301\Extensions\Microsoft.VisualStudio.TestPlatform.Extensions.Html.TestLogger.dll
C:\Program Files\dotnet\sdk\5.0.301\Extensions\Microsoft.VisualStudio.TestPlatform.Extensions.Trx.TestLogger.dll
TpTrace Verbose: 0 : 29260, 1, 2021/07/15, 10:10:15.599, 630532768967, vstest.console.dll, TestPluginCache.GetExtensionPaths: Added unfilterableExtensionPaths: 
TpTrace Verbose: 0 : 29260, 1, 2021/07/15, 10:10:15.599, 630532769956, vstest.console.dll, TestPluginCache.DiscoverTestExtensions: Discovering the extensions using allExtensionPaths: C:\Program Files\dotnet\sdk\5.0.301\Extensions\Microsoft.Diagnostics.NETCore.Client.dll
C:\Program Files\dotnet\sdk\5.0.301\Extensions\Microsoft.TestPlatform.Extensions.BlameDataCollector.dll
C:\Program Files\dotnet\sdk\5.0.301\Extensions\Microsoft.TestPlatform.Extensions.EventLogCollector.dll
C:\Program Files\dotnet\sdk\5.0.301\Extensions\Microsoft.TestPlatform.TestHostRuntimeProvider.dll
C:\Program Files\dotnet\sdk\5.0.301\Extensions\Microsoft.VisualStudio.TestPlatform.Extensions.Html.TestLogger.dll
C:\Program Files\dotnet\sdk\5.0.301\Extensions\Microsoft.VisualStudio.TestPlatform.Extensions.Trx.TestLogger.dll
TpTrace Information: 0 : 29260, 1, 2021/07/15, 10:10:15.599, 630532771157, vstest.console.dll, AssemblyResolver.AddSearchDirectories: Adding more searchDirectories C:\Program Files\dotnet\sdk\5.0.301\Extensions,C:\Program Files\dotnet\sdk\5.0.301
TpTrace Information: 0 : 29260, 1, 2021/07/15, 10:10:15.599, 630532772123, vstest.console.dll, AssemblyResolver.AddSearchDirectories: Adding more searchDirectories C:\Program Files\dotnet\sdk\5.0.301\Extensions,C:\Program Files\dotnet\sdk\5.0.301
TpTrace Information: 0 : 29260, 1, 2021/07/15, 10:10:15.599, 630532773004, vstest.console.dll, AssemblyResolver.AddSearchDirectories: Adding more searchDirectories C:\Program Files\dotnet\sdk\5.0.301\Extensions,C:\Program Files\dotnet\sdk\5.0.301
TpTrace Information: 0 : 29260, 1, 2021/07/15, 10:10:15.599, 630532773867, vstest.console.dll, AssemblyResolver.AddSearchDirectories: Adding more searchDirectories C:\Program Files\dotnet\sdk\5.0.301\Extensions,C:\Program Files\dotnet\sdk\5.0.301
TpTrace Information: 0 : 29260, 1, 2021/07/15, 10:10:15.599, 630532774810, vstest.console.dll, AssemblyResolver.AddSearchDirectories: Adding more searchDirectories C:\Program Files\dotnet\sdk\5.0.301\Extensions,C:\Program Files\dotnet\sdk\5.0.301
TpTrace Information: 0 : 29260, 1, 2021/07/15, 10:10:15.599, 630532775791, vstest.console.dll, AssemblyResolver.AddSearchDirectories: Adding more searchDirectories C:\Program Files\dotnet\sdk\5.0.301\Extensions,C:\Program Files\dotnet\sdk\5.0.301
TpTrace Information: 0 : 29260, 1, 2021/07/15, 10:10:15.600, 630532780343, vstest.console.dll, AssemblyResolver.OnResolve: Microsoft.Bcl.AsyncInterfaces: Resolving assembly.
TpTrace Information: 0 : 29260, 1, 2021/07/15, 10:10:15.600, 630532781574, vstest.console.dll, AssemblyResolver.OnResolve: Microsoft.Bcl.AsyncInterfaces: Resolved from cache.
TpTrace Verbose: 0 : 29260, 1, 2021/07/15, 10:10:15.600, 630532782529, vstest.console.dll, CurrentDomainAssemblyResolve: Resolving assembly 'Microsoft.Bcl.AsyncInterfaces'.
TpTrace Information: 0 : 29260, 1, 2021/07/15, 10:10:15.600, 630532783860, vstest.console.dll, AssemblyResolver.OnResolve: Microsoft.Bcl.AsyncInterfaces: Resolving assembly.
TpTrace Information: 0 : 29260, 1, 2021/07/15, 10:10:15.600, 630532784808, vstest.console.dll, AssemblyResolver.OnResolve: Microsoft.Bcl.AsyncInterfaces: Resolved from cache.
TpTrace Verbose: 0 : 29260, 1, 2021/07/15, 10:10:15.600, 630532786060, vstest.console.dll, CurrentDomainAssemblyResolve: Resolving assembly 'Microsoft.Bcl.AsyncInterfaces'.
TpTrace Verbose: 0 : 29260, 1, 2021/07/15, 10:10:15.600, 630532786923, vstest.console.dll, CurrentDomainAssemblyResolve: Failed to resolve assembly 'Microsoft.Bcl.AsyncInterfaces'.
TpTrace Verbose: 0 : 29260, 1, 2021/07/15, 10:10:15.601, 630532789775, vstest.console.dll, CurrentDomainAssemblyResolve: Failed to resolve assembly 'Microsoft.Bcl.AsyncInterfaces'.
TpTrace Warning: 0 : 29260, 1, 2021/07/15, 10:10:15.601, 630532794655, vstest.console.dll, TestPluginDiscoverer: Failed to get types from assembly 'Microsoft.Diagnostics.NETCore.Client, Version=0.2.2.41902, Culture=neutral, PublicKeyToken=31bf3856ad364e35'.  Skipping test extension scan for this assembly.  Error: System.Reflection.ReflectionTypeLoadException: Unable to load one or more of the requested types.
Could not load file or assembly 'Microsoft.Bcl.AsyncInterfaces, Version=1.0.0.0, Culture=neutral, PublicKeyToken=cc7b13ffcd2ddd51'. El sistema no puede encontrar el archivo especificado.
   at System.Reflection.RuntimeModule.GetTypes(RuntimeModule module)
   at System.Reflection.RuntimeModule.GetTypes()
   at System.Reflection.Assembly.GetTypes()
   at Microsoft.VisualStudio.TestPlatform.Common.ExtensionFramework.TestPluginDiscoverer.GetTestExtensionsFromAssembly[TPluginInfo,TExtension](Assembly assembly, Dictionary`2 pluginInfos)
System.IO.FileNotFoundException: Could not load file or assembly 'Microsoft.Bcl.AsyncInterfaces, Version=1.0.0.0, Culture=neutral, PublicKeyToken=cc7b13ffcd2ddd51'. El sistema no puede encontrar el archivo especificado.
File name: 'Microsoft.Bcl.AsyncInterfaces, Version=1.0.0.0, Culture=neutral, PublicKeyToken=cc7b13ffcd2ddd51'
TpTrace Warning: 0 : 29260, 1, 2021/07/15, 10:10:15.601, 630532796211, vstest.console.dll, LoaderExceptions: System.IO.FileNotFoundException: Could not load file or assembly 'Microsoft.Bcl.AsyncInterfaces, Version=1.0.0.0, Culture=neutral, PublicKeyToken=cc7b13ffcd2ddd51'. El sistema no puede encontrar el archivo especificado.
File name: 'Microsoft.Bcl.AsyncInterfaces, Version=1.0.0.0, Culture=neutral, PublicKeyToken=cc7b13ffcd2ddd51'
TpTrace Verbose: 0 : 29260, 1, 2021/07/15, 10:10:15.602, 630532802401, vstest.console.dll, TestPluginCache: Discovered the extensions using extension path ''.
TpTrace Verbose: 0 : 29260, 1, 2021/07/15, 10:10:15.602, 630532803553, vstest.console.dll, TestPluginCache: Discoverers are ''.
TpTrace Verbose: 0 : 29260, 1, 2021/07/15, 10:10:15.602, 630532804409, vstest.console.dll, TestPluginCache: Executors are ''.
TpTrace Verbose: 0 : 29260, 1, 2021/07/15, 10:10:15.602, 630532805428, vstest.console.dll, TestPluginCache: Executors2 are ''.
TpTrace Verbose: 0 : 29260, 1, 2021/07/15, 10:10:15.603, 630532809945, vstest.console.dll, TestPluginCache: Setting providers are ''.
TpTrace Verbose: 0 : 29260, 1, 2021/07/15, 10:10:15.603, 630532813617, vstest.console.dll, TestPluginCache: Loggers are 'logger://Microsoft/TestPlatform/Extensions/Blame/v1,logger://Microsoft/TestPlatform/HtmlLogger/v1,logger://Microsoft/TestPlatform/TrxLogger/v1'.
TpTrace Information: 0 : 29260, 1, 2021/07/15, 10:10:15.605, 630532835967, vstest.console.dll, TestPluginManager.CreateTestExtension: Attempting to load test extension: Microsoft.TestPlatform.Extensions.BlameDataCollector.BlameLogger
TpTrace Information: 0 : 29260, 1, 2021/07/15, 10:10:15.622, 630533005278, vstest.console.dll, TestPluginManager.CreateTestExtension: Attempting to load test extension: Microsoft.VisualStudio.TestPlatform.CrossPlatEngine.Hosting.DefaultTestHostManager
TpTrace Information: 0 : 29260, 1, 2021/07/15, 10:10:15.623, 630533010494, vstest.console.dll, TestPluginManager.CreateTestExtension: Attempting to load test extension: Microsoft.VisualStudio.TestPlatform.CrossPlatEngine.Hosting.DotnetTestHostManager
TpTrace Verbose: 0 : 29260, 1, 2021/07/15, 10:10:15.624, 630533019803, vstest.console.dll, TestEngine: Initializing Parallel Execution as MaxCpuCount is set to: 1
TpTrace Information: 0 : 29260, 1, 2021/07/15, 10:10:15.625, 630533028652, vstest.console.dll, InferRunSettingsHelper.IsTestSettingsEnabled: Unable to navigate to RunSettings/MSTest. Current node: RunSettings
TpTrace Verbose: 0 : 29260, 1, 2021/07/15, 10:10:15.661, 630533389091, vstest.console.dll, TestRequestSender is acting as server
TpTrace Verbose: 0 : 29260, 4, 2021/07/15, 10:10:15.668, 630533467614, vstest.console.dll, DataCollectionRequestSender.InitializeCommunication : Initialize communication. 
TpTrace Information: 0 : 29260, 4, 2021/07/15, 10:10:15.693, 630533716360, vstest.console.dll, Listening on Endpoint : 127.0.0.1:1534
TpTrace Verbose: 0 : 29260, 4, 2021/07/15, 10:10:15.715, 630533929924, vstest.console.dll, DotnetDataCollectionLauncher: Full path of dotnet.exe is C:\Program Files\dotnet\dotnet.exe
TpTrace Verbose: 0 : 29260, 4, 2021/07/15, 10:10:15.715, 630533935423, vstest.console.dll, DotnetDataCollectionLauncher: Adding  --runtimeconfig "C:\Program Files\dotnet\sdk\5.0.301\datacollector.runtimeconfig.json" in args
TpTrace Verbose: 0 : 29260, 4, 2021/07/15, 10:10:15.716, 630533938626, vstest.console.dll, DotnetDataCollectionLauncher: Adding  --depsfile "C:\Program Files\dotnet\sdk\5.0.301\datacollector.deps.json" in args
TpTrace Information: 0 : 29260, 4, 2021/07/15, 10:10:15.730, 630534085989, vstest.console.dll, ProxyDataCollectionManager.Initialize: Launched datacollector processId: 42672 port: 1534
TpTrace Information: 0 : 29260, 4, 2021/07/15, 10:10:15.731, 630534089865, vstest.console.dll, ProxyDataCollectionManager.Initialize: waiting for connection with timeout: 90 seconds
TpTrace Verbose: 0 : 29260, 4, 2021/07/15, 10:10:15.731, 630534092068, vstest.console.dll, DataCollectionRequestSender.WaitForRequestHandlerConnection : Waiting for connection with timeout: 90000
TpTrace Information: 0 : 29260, 7, 2021/07/15, 10:10:16.105, 630537830314, vstest.console.dll, Using the buffer size of 16384 bytes
TpTrace Verbose: 0 : 29260, 4, 2021/07/15, 10:10:16.105, 630537831600, vstest.console.dll, ProxyDataCollectionManager.InvokeDataCollectionServiceAction: Starting.
TpTrace Information: 0 : 29260, 7, 2021/07/15, 10:10:16.105, 630537833064, vstest.console.dll, Accepted Client request and set the flag
TpTrace Information: 0 : 29260, 4, 2021/07/15, 10:10:16.105, 630537835760, vstest.console.dll, ProxyDataCollectionManager.BeforeTestRunStart: Get environment variable and port for datacollector processId: 42672 port: 1534
TpTrace Verbose: 0 : 29260, 4, 2021/07/15, 10:10:16.106, 630537840770, vstest.console.dll, DataCollectionRequestSender.SendBeforeTestRunStartAndGetResult : Send BeforeTestRunStart message with settingsXml <RunSettings><RunConfiguration><ResultsDirectory>C:\Users\jordi\source\repos\University8WcfService\Vueling\Vueling.Infrastructure.Repository.Unit.Tests\bin\Debug\netcoreapp3.1\fine-code-coverage\coverage-tool-output</ResultsDirectory><TargetPlatform>X64</TargetPlatform><TargetFrameworkVersion>.NETCoreApp,Version=v3.1</TargetFrameworkVersion><DesignMode>False</DesignMode><CollectSourceInformation>False</CollectSourceInformation><TestAdaptersPaths>C:\Program Files\dotnet\sdk\5.0.301\Extensions</TestAdaptersPaths></RunConfiguration><LoggerRunSettings><Loggers><Logger friendlyName="blame" enabled="True" /><Logger friendlyName="Console" uri="logger://microsoft/TestPlatform/ConsoleLogger/v1" assemblyQualifiedName="Microsoft.VisualStudio.TestPlatform.CommandLine.Internal.ConsoleLogger, vstest.console, Version=15.0.0.0, Culture=neutral, PublicKeyToken=b03f5f7f11d50a3a" codeBase="C:\Program Files\dotnet\sdk\5.0.301\vstest.console.dll" enabled="True" /></Loggers></LoggerRunSettings><DataCollectionRunSettings><DataCollectors><DataCollector friendlyName="blame" enabled="True"><Configuration><ResultsDirectory>C:\Users\jordi\source\repos\University8WcfService\Vueling\Vueling.Infrastructure.Repository.Unit.Tests\bin\Debug\netcoreapp3.1\fine-code-coverage\coverage-tool-output</ResultsDirectory></Configuration></DataCollector></DataCollectors></DataCollectionRunSettings></RunSettings> and sources System.Linq.Enumerable+Concat2Iterator`1[System.String]: 
TpTrace Verbose: 0 : 29260, 4, 2021/07/15, 10:10:16.301, 630539798490, vstest.console.dll, DataCollectionRequestSender.SendBeforeTestRunStartAndGetResult : Received message: (DataCollection.SendMessage) -> {
  "FriendlyName": null,
  "Uri": null,
  "TestCaseId": "00000000-0000-0000-0000-000000000000",
  "Message": "Logging DataCollector Diagnostics in file: C:\\Users\\jordi\\source\\repos\\University8WcfService\\Vueling\\Vueling.Infrastructure.Repository.Unit.Tests\\bin\\Debug\\netcoreapp3.1\\fine-code-coverage\\coverage-tool-output\\diagnostics.datacollector.21-07-15_10-10-15_70567_4.log",
  "Level": 0
}
TpTrace Information: 0 : 29260, 4, 2021/07/15, 10:10:16.319, 630539976236, vstest.console.dll, AssemblyResolver.OnResolve: Microsoft.VisualStudio.TestPlatform.Common.resources: Resolving assembly.
TpTrace Information: 0 : 29260, 4, 2021/07/15, 10:10:16.319, 630539978311, vstest.console.dll, AssemblyResolver.OnResolve: Microsoft.VisualStudio.TestPlatform.Common.resources: Searching in: 'C:\Program Files\dotnet\sdk\5.0.301\Extensions'.
TpTrace Information: 0 : 29260, 4, 2021/07/15, 10:10:16.320, 630539980382, vstest.console.dll, AssemblyResolver.OnResolve: Microsoft.VisualStudio.TestPlatform.Common.resources: Assembly path does not exist: 'C:\Program Files\dotnet\sdk\5.0.301\Extensions\Microsoft.VisualStudio.TestPlatform.Common.resources.dll', returning.
TpTrace Information: 0 : 29260, 4, 2021/07/15, 10:10:16.320, 630539982263, vstest.console.dll, AssemblyResolver.OnResolve: Microsoft.VisualStudio.TestPlatform.Common.resources: Assembly path does not exist: 'C:\Program Files\dotnet\sdk\5.0.301\Extensions\Microsoft.VisualStudio.TestPlatform.Common.resources.exe', returning.
TpTrace Information: 0 : 29260, 4, 2021/07/15, 10:10:16.320, 630539983423, vstest.console.dll, AssemblyResolver.OnResolve: Microsoft.VisualStudio.TestPlatform.Common.resources: Searching in: 'C:\Program Files\dotnet\sdk\5.0.301'.
TpTrace Information: 0 : 29260, 4, 2021/07/15, 10:10:16.320, 630539985473, vstest.console.dll, AssemblyResolver.OnResolve: Microsoft.VisualStudio.TestPlatform.Common.resources: Assembly path does not exist: 'C:\Program Files\dotnet\sdk\5.0.301\Microsoft.VisualStudio.TestPlatform.Common.resources.dll', returning.
TpTrace Information: 0 : 29260, 4, 2021/07/15, 10:10:16.320, 630539987331, vstest.console.dll, AssemblyResolver.OnResolve: Microsoft.VisualStudio.TestPlatform.Common.resources: Assembly path does not exist: 'C:\Program Files\dotnet\sdk\5.0.301\Microsoft.VisualStudio.TestPlatform.Common.resources.exe', returning.
TpTrace Information: 0 : 29260, 4, 2021/07/15, 10:10:16.321, 630539988559, vstest.console.dll, AssemblyResolver.OnResolve: Microsoft.VisualStudio.TestPlatform.Common.resources: Failed to load assembly.
TpTrace Verbose: 0 : 29260, 4, 2021/07/15, 10:10:16.448, 630541267002, vstest.console.dll, DataCollectionRequestSender.SendBeforeTestRunStartAndGetResult : Received message: (DataCollection.BeforeTestRunStartResult) -> {
  "EnvironmentVariables": {},
  "DataCollectionEventsPort": 1571
}
TpTrace Information: 0 : 29260, 4, 2021/07/15, 10:10:16.456, 630541340693, vstest.console.dll, ProxyDataCollectionManager.BeforeTestRunStart: SendBeforeTestRunStartAndGetResult successful, env variable from datacollector:   and testhost port: 1571
TpTrace Information: 0 : 29260, 4, 2021/07/15, 10:10:16.456, 630541343071, vstest.console.dll, ProxyDataCollectionManager.InvokeDataCollectionServiceAction: Completed.
TpTrace Verbose: 0 : 29260, 1, 2021/07/15, 10:10:16.456, 630541346145, vstest.console.dll, TestRunRequest.ExecuteAsync: Creating test run request.
TpTrace Verbose: 0 : 29260, 1, 2021/07/15, 10:10:16.457, 630541353227, vstest.console.dll, TestRunRequest.ExecuteAsync: Starting.
TpTrace Information: 0 : 29260, 1, 2021/07/15, 10:10:16.458, 630541363620, vstest.console.dll, TestRunRequest.ExecuteAsync: Starting run with settings:TestRunCriteria:
   KeepAlive=False,FrequencyOfRunStatsChangeEvent=10,RunStatsChangeEventTimeout=00:00:01.5000000,TestCaseFilter=,TestExecutorLauncher=
   Settingsxml=<RunSettings>
  <RunConfiguration>
    <ResultsDirectory>C:\Users\jordi\source\repos\University8WcfService\Vueling\Vueling.Infrastructure.Repository.Unit.Tests\bin\Debug\netcoreapp3.1\fine-code-coverage\coverage-tool-output</ResultsDirectory>
    <TargetPlatform>X64</TargetPlatform>
    <TargetFrameworkVersion>.NETCoreApp,Version=v3.1</TargetFrameworkVersion>
    <DesignMode>False</DesignMode>
    <CollectSourceInformation>False</CollectSourceInformation>
  </RunConfiguration>
  <LoggerRunSettings>
    <Loggers>
      <Logger friendlyName="blame" enabled="True" />
      <Logger friendlyName="Console" uri="logger://microsoft/TestPlatform/ConsoleLogger/v1" assemblyQualifiedName="Microsoft.VisualStudio.TestPlatform.CommandLine.Internal.ConsoleLogger, vstest.console, Version=15.0.0.0, Culture=neutral, PublicKeyToken=b03f5f7f11d50a3a" codeBase="C:\Program Files\dotnet\sdk\5.0.301\vstest.console.dll" enabled="True" />
    </Loggers>
  </LoggerRunSettings>
  <DataCollectionRunSettings>
    <DataCollectors>
      <DataCollector friendlyName="blame" enabled="True">
        <Configuration>
          <ResultsDirectory>C:\Users\jordi\source\repos\University8WcfService\Vueling\Vueling.Infrastructure.Repository.Unit.Tests\bin\Debug\netcoreapp3.1\fine-code-coverage\coverage-tool-output</ResultsDirectory>
        </Configuration>
      </DataCollector>
    </DataCollectors>
  </DataCollectionRunSettings>
</RunSettings>

TpTrace Verbose: 0 : 29260, 1, 2021/07/15, 10:10:16.458, 630541365422, vstest.console.dll, TestRunRequest.ExecuteAsync: Wait for the first run request is over.
TpTrace Verbose: 0 : 29260, 1, 2021/07/15, 10:10:16.459, 630541373006, vstest.console.dll, ParallelProxyExecutionManager: Start execution. Total sources: 1
TpTrace Information: 0 : 29260, 1, 2021/07/15, 10:10:16.460, 630541384036, vstest.console.dll, ProxyParallelExecutionManager: Triggering test run for next source: C:\Users\jordi\source\repos\University8WcfService\Vueling\Vueling.Infrastructure.Repository.Unit.Tests\bin\Debug\netcoreapp3.1\fine-code-coverage\build-output\Vueling.Infrastructure.Repository.Unit.Tests.dll
TpTrace Verbose: 0 : 29260, 4, 2021/07/15, 10:10:16.460, 630541387560, vstest.console.dll, ParallelProxyExecutionManager: Execution started. Started clients: 1
TpTrace Verbose: 0 : 29260, 1, 2021/07/15, 10:10:16.460, 630541387623, vstest.console.dll, ProxyParallelExecutionManager: No sources available for execution.
TpTrace Information: 0 : 29260, 1, 2021/07/15, 10:10:16.461, 630541391331, vstest.console.dll, TestRunRequest.ExecuteAsync: Started.
TpTrace Verbose: 0 : 29260, 1, 2021/07/15, 10:10:16.461, 630541392969, vstest.console.dll, TestRunRequest.WaitForCompletion: Waiting with timeout -1.
TpTrace Verbose: 0 : 29260, 4, 2021/07/15, 10:10:16.461, 630541393651, vstest.console.dll, TestRunRequest:SendTestRunMessage: Starting.
TpTrace Information: 0 : 29260, 4, 2021/07/15, 10:10:16.461, 630541397104, vstest.console.dll, TestRunRequest:SendTestRunMessage: Completed.
TpTrace Verbose: 0 : 29260, 4, 2021/07/15, 10:10:16.462, 630541401289, vstest.console.dll, ProxyExecutionManager: Test host is always Lazy initialize.
TpTrace Verbose: 0 : 29260, 4, 2021/07/15, 10:10:16.462, 630541406013, vstest.console.dll, TestRequestSender.InitializeCommunication: initialize communication. 
TpTrace Information: 0 : 29260, 4, 2021/07/15, 10:10:16.463, 630541414830, vstest.console.dll, SocketServer.Start: Listening on endpoint : 127.0.0.1:1615
TpTrace Verbose: 0 : 29260, 4, 2021/07/15, 10:10:16.465, 630541428802, vstest.console.dll, DotnetTestHostmanager: Adding  --runtimeconfig "C:\Users\jordi\source\repos\University8WcfService\Vueling\Vueling.Infrastructure.Repository.Unit.Tests\bin\Debug\netcoreapp3.1\fine-code-coverage\build-output\Vueling.Infrastructure.Repository.Unit.Tests.runtimeconfig.json" in args
TpTrace Verbose: 0 : 29260, 4, 2021/07/15, 10:10:16.465, 630541432289, vstest.console.dll, DotnetTestHostmanager: Adding  --depsfile "C:\Users\jordi\source\repos\University8WcfService\Vueling\Vueling.Infrastructure.Repository.Unit.Tests\bin\Debug\netcoreapp3.1\fine-code-coverage\build-output\Vueling.Infrastructure.Repository.Unit.Tests.deps.json" in args
TpTrace Information: 0 : 29260, 4, 2021/07/15, 10:10:16.465, 630541437615, vstest.console.dll, AssemblyResolver.OnResolve: Microsoft.Extensions.DependencyModel: Resolving assembly.
TpTrace Information: 0 : 29260, 4, 2021/07/15, 10:10:16.466, 630541439106, vstest.console.dll, AssemblyResolver.OnResolve: Microsoft.Extensions.DependencyModel: Searching in: 'C:\Program Files\dotnet\sdk\5.0.301\Extensions'.
TpTrace Information: 0 : 29260, 4, 2021/07/15, 10:10:16.466, 630541441029, vstest.console.dll, AssemblyResolver.OnResolve: Microsoft.Extensions.DependencyModel: Assembly path does not exist: 'C:\Program Files\dotnet\sdk\5.0.301\Extensions\Microsoft.Extensions.DependencyModel.dll', returning.
TpTrace Information: 0 : 29260, 4, 2021/07/15, 10:10:16.466, 630541442811, vstest.console.dll, AssemblyResolver.OnResolve: Microsoft.Extensions.DependencyModel: Assembly path does not exist: 'C:\Program Files\dotnet\sdk\5.0.301\Extensions\Microsoft.Extensions.DependencyModel.exe', returning.
TpTrace Information: 0 : 29260, 4, 2021/07/15, 10:10:16.466, 630541443957, vstest.console.dll, AssemblyResolver.OnResolve: Microsoft.Extensions.DependencyModel: Searching in: 'C:\Program Files\dotnet\sdk\5.0.301'.
TpTrace Information: 0 : 29260, 4, 2021/07/15, 10:10:16.467, 630541456139, vstest.console.dll, AssemblyResolver.OnResolve: Microsoft.Extensions.DependencyModel: Loading assembly 'C:\Program Files\dotnet\sdk\5.0.301\Microsoft.Extensions.DependencyModel.dll'.
TpTrace Information: 0 : 29260, 4, 2021/07/15, 10:10:16.469, 630541471567, vstest.console.dll, AssemblyResolver.OnResolve: Resolved assembly: Microsoft.Extensions.DependencyModel, from path: C:\Program Files\dotnet\sdk\5.0.301\Microsoft.Extensions.DependencyModel.dll
TpTrace Verbose: 0 : 29260, 4, 2021/07/15, 10:10:16.470, 630541479408, vstest.console.dll, DotnetTestHostmanager: Reading file C:\Users\jordi\source\repos\University8WcfService\Vueling\Vueling.Infrastructure.Repository.Unit.Tests\bin\Debug\netcoreapp3.1\fine-code-coverage\build-output\Vueling.Infrastructure.Repository.Unit.Tests.deps.json to get path of testhost.dll
TpTrace Verbose: 0 : 29260, 4, 2021/07/15, 10:10:16.550, 630542280788, vstest.console.dll, DotnetTestHostmanager: Relative path of testhost.dll with respect to package folder is microsoft.testplatform.testhost/16.5.0\lib/netcoreapp2.1/testhost.dll
TpTrace Verbose: 0 : 29260, 4, 2021/07/15, 10:10:16.552, 630542306484, vstest.console.dll, DotnetTestHostmanager: Looking for path microsoft.testplatform.testhost/16.5.0\lib/netcoreapp2.1/testhost.dll in folder C:\Users\jordi\.dotnet\store\|arch|\|tfm|
TpTrace Verbose: 0 : 29260, 4, 2021/07/15, 10:10:16.553, 630542311257, vstest.console.dll, DotnetTestHostmanager: Looking for path microsoft.testplatform.testhost/16.5.0\lib/netcoreapp2.1/testhost.dll in folder C:\Users\jordi\.nuget\packages
TpTrace Verbose: 0 : 29260, 4, 2021/07/15, 10:10:16.554, 630542319007, vstest.console.dll, DotnetTestHostManager: Testhost.exe/testhost.x86.exe found at path: C:\Users\jordi\.nuget\packages\microsoft.testplatform.testhost\16.5.0\build\netcoreapp2.1\x64\testhost.exe
TpTrace Verbose: 0 : 29260, 4, 2021/07/15, 10:10:16.554, 630542321051, vstest.console.dll, DotnetTestHostmanager: Full path of host exe is C:\Users\jordi\.nuget\packages\microsoft.testplatform.testhost\16.5.0\build\netcoreapp2.1\x64\testhost.exe
TpTrace Verbose: 0 : 29260, 6, 2021/07/15, 10:10:16.557, 630542349706, vstest.console.dll, DotnetTestHostManager: Starting process 'C:\Users\jordi\.nuget\packages\microsoft.testplatform.testhost\16.5.0\build\netcoreapp2.1\x64\testhost.exe' with command line ' --runtimeconfig "C:\Users\jordi\source\repos\University8WcfService\Vueling\Vueling.Infrastructure.Repository.Unit.Tests\bin\Debug\netcoreapp3.1\fine-code-coverage\build-output\Vueling.Infrastructure.Repository.Unit.Tests.runtimeconfig.json" --depsfile "C:\Users\jordi\source\repos\University8WcfService\Vueling\Vueling.Infrastructure.Repository.Unit.Tests\bin\Debug\netcoreapp3.1\fine-code-coverage\build-output\Vueling.Infrastructure.Repository.Unit.Tests.deps.json" --port 1615 --endpoint 127.0.0.1:01615 --role client --parentprocessid 29260 --diag "C:\Users\jordi\source\repos\University8WcfService\Vueling\Vueling.Infrastructure.Repository.Unit.Tests\bin\Debug\netcoreapp3.1\fine-code-coverage\coverage-tool-output\diagnostics.host.21-07-15_10-10-16_46420_4.log" --tracelevel 4 --datacollectionport 1571 --telemetryoptedin false'
TpTrace Verbose: 0 : 29260, 6, 2021/07/15, 10:10:16.574, 630542523875, vstest.console.dll, Test Runtime launched
TpTrace Verbose: 0 : 29260, 4, 2021/07/15, 10:10:16.577, 630542551833, vstest.console.dll, TestRequestSender.WaitForRequestHandlerConnection: waiting for connection with timeout: 90000
TpTrace Verbose: 0 : 29260, 14, 2021/07/15, 10:10:17.038, 630547167536, vstest.console.dll, SocketServer.OnClientConnected: Client connected for endPoint: 127.0.0.1:1615, starting MessageLoopAsync:
TpTrace Verbose: 0 : 29260, 13, 2021/07/15, 10:10:17.039, 630547174052, vstest.console.dll, TcpClientExtensions.MessageLoopAsync: Polling on remoteEndPoint: 127.0.0.1:1689 localEndPoint: 127.0.0.1:1615
TpTrace Verbose: 0 : 29260, 13, 2021/07/15, 10:10:17.378, 630550561332, vstest.console.dll, TcpClientExtensions.MessageLoopAsync: NotifyDataAvailable remoteEndPoint: 127.0.0.1:1689 localEndPoint: 127.0.0.1:1615
TpTrace Verbose: 0 : 29260, 13, 2021/07/15, 10:10:17.378, 630550565627, vstest.console.dll, TestRequestSender.CheckVersionWithTestHost: onMessageReceived received message: (ProtocolVersion) -> 2
TpTrace Verbose: 0 : 29260, 13, 2021/07/15, 10:10:17.379, 630550572085, vstest.console.dll, TcpClientExtensions.MessageLoopAsync: Polling on remoteEndPoint: 127.0.0.1:1689 localEndPoint: 127.0.0.1:1615
TpTrace Verbose: 0 : 29260, 4, 2021/07/15, 10:10:17.379, 630550574111, vstest.console.dll, TestPluginCache.GetExtensionPaths: Filtered extension paths: 
TpTrace Verbose: 0 : 29260, 4, 2021/07/15, 10:10:17.379, 630550576229, vstest.console.dll, TestPluginCache.GetExtensionPaths: Added default extension paths: C:\Program Files\dotnet\sdk\5.0.301\Extensions\Microsoft.Diagnostics.NETCore.Client.dll
C:\Program Files\dotnet\sdk\5.0.301\Extensions\Microsoft.TestPlatform.Extensions.BlameDataCollector.dll
C:\Program Files\dotnet\sdk\5.0.301\Extensions\Microsoft.TestPlatform.Extensions.EventLogCollector.dll
C:\Program Files\dotnet\sdk\5.0.301\Extensions\Microsoft.TestPlatform.TestHostRuntimeProvider.dll
C:\Program Files\dotnet\sdk\5.0.301\Extensions\Microsoft.VisualStudio.TestPlatform.Extensions.Html.TestLogger.dll
C:\Program Files\dotnet\sdk\5.0.301\Extensions\Microsoft.VisualStudio.TestPlatform.Extensions.Trx.TestLogger.dll
TpTrace Verbose: 0 : 29260, 4, 2021/07/15, 10:10:17.379, 630550577475, vstest.console.dll, TestPluginCache.GetExtensionPaths: Added unfilterableExtensionPaths: 
TpTrace Verbose: 0 : 29260, 4, 2021/07/15, 10:10:17.386, 630550643088, vstest.console.dll, TestRequestSender.InitializeExecution: Sending initializing execution with message: {"Version":2,"MessageType":"TestExecution.Initialize","Payload":["C:\\Users\\jordi\\source\\repos\\University8WcfService\\Vueling\\Vueling.Infrastructure.Repository.Unit.Tests\\bin\\Debug\\netcoreapp3.1\\fine-code-coverage\\build-output\\Microsoft.VisualStudio.TestPlatform.MSTest.TestAdapter.dll"]}
TpTrace Verbose: 0 : 29260, 13, 2021/07/15, 10:10:17.408, 630550860125, vstest.console.dll, TcpClientExtensions.MessageLoopAsync: NotifyDataAvailable remoteEndPoint: 127.0.0.1:1689 localEndPoint: 127.0.0.1:1615
TpTrace Verbose: 0 : 29260, 13, 2021/07/15, 10:10:17.408, 630550864263, vstest.console.dll, TestRequestSender.OnExecutionMessageReceived: Received message: {"Version":2,"MessageType":"TestSession.Message","Payload":{"MessageLevel":0,"Message":"Registrando diagnstico de TestHost en el archivo: C:\\Users\\jordi\\source\\repos\\University8WcfService\\Vueling\\Vueling.Infrastructure.Repository.Unit.Tests\\bin\\Debug\\netcoreapp3.1\\fine-code-coverage\\coverage-tool-output\\diagnostics.host.21-07-15_10-10-16_46420_4.log"}}
TpTrace Verbose: 0 : 29260, 13, 2021/07/15, 10:10:17.413, 630550914692, vstest.console.dll, TestRunRequest:SendTestRunMessage: Starting.
TpTrace Information: 0 : 29260, 13, 2021/07/15, 10:10:17.413, 630550917410, vstest.console.dll, TestRunRequest:SendTestRunMessage: Completed.
TpTrace Verbose: 0 : 29260, 13, 2021/07/15, 10:10:17.414, 630550919025, vstest.console.dll, TcpClientExtensions.MessageLoopAsync: Polling on remoteEndPoint: 127.0.0.1:1689 localEndPoint: 127.0.0.1:1615
TpTrace Verbose: 0 : 29260, 4, 2021/07/15, 10:10:17.417, 630550953060, vstest.console.dll, TestRequestSender.StartTestRun: Sending test run with message: {"Version":2,"MessageType":"TestExecution.StartWithSources","Payload":{"AdapterSourceMap":{"_none_":["C:\\Users\\jordi\\source\\repos\\University8WcfService\\Vueling\\Vueling.Infrastructure.Repository.Unit.Tests\\bin\\Debug\\netcoreapp3.1\\fine-code-coverage\\build-output\\Vueling.Infrastructure.Repository.Unit.Tests.dll"]},"RunSettings":"<RunSettings>\r\n  <RunConfiguration>\r\n    <ResultsDirectory>C:\\Users\\jordi\\source\\repos\\University8WcfService\\Vueling\\Vueling.Infrastructure.Repository.Unit.Tests\\bin\\Debug\\netcoreapp3.1\\fine-code-coverage\\coverage-tool-output</ResultsDirectory>\r\n    <TargetPlatform>X64</TargetPlatform>\r\n    <TargetFrameworkVersion>.NETCoreApp,Version=v3.1</TargetFrameworkVersion>\r\n    <DesignMode>False</DesignMode>\r\n    <CollectSourceInformation>False</CollectSourceInformation>\r\n  </RunConfiguration>\r\n  <LoggerRunSettings>\r\n    <Loggers>\r\n      <Logger friendlyName=\"blame\" enabled=\"True\" />\r\n      <Logger friendlyName=\"Console\" uri=\"logger://microsoft/TestPlatform/ConsoleLogger/v1\" assemblyQualifiedName=\"Microsoft.VisualStudio.TestPlatform.CommandLine.Internal.ConsoleLogger, vstest.console, Version=15.0.0.0, Culture=neutral, PublicKeyToken=b03f5f7f11d50a3a\" codeBase=\"C:\\Program Files\\dotnet\\sdk\\5.0.301\\vstest.console.dll\" enabled=\"True\" />\r\n    </Loggers>\r\n  </LoggerRunSettings>\r\n  <DataCollectionRunSettings>\r\n    <DataCollectors>\r\n      <DataCollector friendlyName=\"blame\" enabled=\"True\">\r\n        <Configuration>\r\n          <ResultsDirectory>C:\\Users\\jordi\\source\\repos\\University8WcfService\\Vueling\\Vueling.Infrastructure.Repository.Unit.Tests\\bin\\Debug\\netcoreapp3.1\\fine-code-coverage\\coverage-tool-output</ResultsDirectory>\r\n        </Configuration>\r\n      </DataCollector>\r\n    </DataCollectors>\r\n  </DataCollectionRunSettings>\r\n</RunSettings>","TestExecutionContext":{"FrequencyOfRunStatsChangeEvent":10,"RunStatsChangeEventTimeout":"00:00:01.5000000","InIsolation":false,"KeepAlive":false,"AreTestCaseLevelEventsRequired":false,"IsDebug":false,"TestCaseFilter":null,"FilterOptions":null},"Package":null}}
TpTrace Verbose: 0 : 29260, 13, 2021/07/15, 10:10:18.421, 630560993904, vstest.console.dll, TcpClientExtensions.MessageLoopAsync: Polling on remoteEndPoint: 127.0.0.1:1689 localEndPoint: 127.0.0.1:1615
TpTrace Verbose: 0 : 29260, 13, 2021/07/15, 10:10:18.707, 630563853694, vstest.console.dll, TcpClientExtensions.MessageLoopAsync: NotifyDataAvailable remoteEndPoint: 127.0.0.1:1689 localEndPoint: 127.0.0.1:1615
TpTrace Verbose: 0 : 29260, 13, 2021/07/15, 10:10:18.707, 630563857500, vstest.console.dll, TestRequestSender.OnExecutionMessageReceived: Received message: {"Version":2,"MessageType":"TestExecution.Completed","Payload":{"TestRunCompleteArgs":{"TestRunStatistics":{"ExecutedTests":1,"Stats":{"Passed":1}},"IsCanceled":false,"IsAborted":false,"Error":null,"AttachmentSets":[],"ElapsedTimeInRunningTests":"00:00:00.8769631","Metrics":{}},"LastRunTests":{"NewTestResults":[{"TestCase":{"Id":"bf44b10d-2d10-5c60-774c-573a7d76c509","FullyQualifiedName":"Vueling.Infrastructure.Repository.Unit.Tests.StudentRepositoryTests.AddTest","DisplayName":"AddTest","ExecutorUri":"executor://MSTestAdapter/v2","Source":"C:\\Users\\jordi\\source\\repos\\University8WcfService\\Vueling\\Vueling.Infrastructure.Repository.Unit.Tests\\bin\\Debug\\netcoreapp3.1\\fine-code-coverage\\build-output\\Vueling.Infrastructure.Repository.Unit.Tests.dll","CodeFilePath":null,"LineNumber":-1,"Properties":[{"Key":{"Id":"MSTestDiscoverer.TestClassName","Label":"ClassName","Category":"","Description":"","Attributes":1,"ValueType":"System.String"},"Value":"Vueling.Infrastructure.Repository.Unit.Tests.StudentRepositoryTests"},{"Key":{"Id":"TestObject.Traits","Label":"Traits","Category":"","Description":"","Attributes":5,"ValueType":"System.Collections.Generic.KeyValuePair`2[[System.String],[System.String]][]"},"Value":[]}]},"Attachments":[],"Outcome":1,"ErrorMessage":null,"ErrorStackTrace":null,"DisplayName":null,"Messages":[],"ComputerName":null,"Duration":"00:00:00.4887875","StartTime":"2021-07-15T10:10:18.0162064+02:00","EndTime":"2021-07-15T10:10:18.5561254+02:00","Properties":[{"Key":{"Id":"ExecutionId","Label":"ExecutionId","Category":"","Description":"","Attributes":1,"ValueType":"System.Guid"},"Value":"00000000-0000-0000-0000-000000000000"},{"Key":{"Id":"ParentExecId","Label":"ParentExecId","Category":"","Description":"","Attributes":1,"ValueType":"System.Guid"},"Value":"00000000-0000-0000-0000-000000000000"},{"Key":{"Id":"InnerResultsCount","Label":"InnerResultsCount","Category":"","Description":"","Attributes":1,"ValueType":"System.Int32"},"Value":0}]}],"TestRunStatistics":{"ExecutedTests":1,"Stats":{"Passed":1}},"ActiveTests":[]},"RunAttachments":[],"ExecutorUris":["executor://mstestadapter/v2"]}}
TpTrace Verbose: 0 : 29260, 13, 2021/07/15, 10:10:18.708, 630563868189, vstest.console.dll, TestRequestSender.EndSession: Sending end session.
TpTrace Verbose: 0 : 29260, 13, 2021/07/15, 10:10:18.709, 630563872010, vstest.console.dll, ProxyOperationManager.Close: waiting for test host to exit for 100 ms
TpTrace Warning: 0 : 29260, 6, 2021/07/15, 10:10:18.732, 630564101249, vstest.console.dll, TestHostManagerCallbacks.ErrorReceivedCallback Test host standard error line: 
TpTrace Verbose: 0 : 29260, 7, 2021/07/15, 10:10:18.743, 630564208921, vstest.console.dll, TestHostProvider.ExitCallBack: Host exited starting callback.
TpTrace Information: 0 : 29260, 7, 2021/07/15, 10:10:18.743, 630564218197, vstest.console.dll, TestHostManagerCallbacks.ExitCallBack: Testhost processId: 36752 exited with exitcode: 0 error: ''
TpTrace Verbose: 0 : 29260, 7, 2021/07/15, 10:10:18.744, 630564219729, vstest.console.dll, DotnetTestHostManager.OnHostExited: invoking OnHostExited callback
TpTrace Verbose: 0 : 29260, 7, 2021/07/15, 10:10:18.744, 630564220962, vstest.console.dll, CrossPlatEngine.TestHostManagerHostExited: calling on client process exit callback.
TpTrace Information: 0 : 29260, 7, 2021/07/15, 10:10:18.744, 630564222425, vstest.console.dll, TestRequestSender.OnClientProcessExit: Test host process exited. Standard error: 
TpTrace Warning: 0 : 29260, 13, 2021/07/15, 10:10:18.744, 630564223031, vstest.console.dll, ProxyOperationManager: Timed out waiting for test host to exit. Will terminate process.
TpTrace Information: 0 : 29260, 7, 2021/07/15, 10:10:18.744, 630564223526, vstest.console.dll, SocketServer.Stop: Stop server endPoint: 127.0.0.1:1615
TpTrace Information: 0 : 29260, 7, 2021/07/15, 10:10:18.744, 630564226830, vstest.console.dll, SocketServer.Stop: Cancellation requested. Stopping message loop.
TpTrace Verbose: 0 : 29260, 13, 2021/07/15, 10:10:18.746, 630564242540, vstest.console.dll, ProxyDataCollectionManager.InvokeDataCollectionServiceAction: Starting.
TpTrace Information: 0 : 29260, 13, 2021/07/15, 10:10:18.746, 630564245277, vstest.console.dll, ProxyDataCollectionManager.AfterTestRunEnd: Get attachment set for datacollector processId: 42672 port: 1534
TpTrace Verbose: 0 : 29260, 13, 2021/07/15, 10:10:18.746, 630564247379, vstest.console.dll, DataCollectionRequestSender.SendAfterTestRunStartAndGetResult : Send AfterTestRunEnd message with isCancelled: False
TpTrace Verbose: 0 : 29260, 13, 2021/07/15, 10:10:18.755, 630564336092, vstest.console.dll, DataCollectionRequestSender.SendAfterTestRunStartAndGetResult : Received message: (DataCollection.AfterTestRunEndResult) -> {
  "AttachmentSets": [],
  "Metrics": {}
}
TpTrace Information: 0 : 29260, 13, 2021/07/15, 10:10:18.761, 630564394048, vstest.console.dll, ProxyDataCollectionManager.InvokeDataCollectionServiceAction: Completed.
TpTrace Warning: 0 : 29260, 9, 2021/07/15, 10:10:18.766, 630564447593, vstest.console.dll, DataCollectionLauncher.ErrorReceivedCallback datacollector standard error line: 
TpTrace Information: 0 : 29260, 7, 2021/07/15, 10:10:18.778, 630564564096, vstest.console.dll, DataCollectionLauncher.ExitCallBack: Data collector exited with exitcode: 0 error: ''
TpTrace Verbose: 0 : 29260, 13, 2021/07/15, 10:10:18.905, 630565832803, vstest.console.dll, TestRunRequest:SendTestRunStatsChange: Starting.
TpTrace Information: 0 : 29260, 13, 2021/07/15, 10:10:18.905, 630565836600, vstest.console.dll, TestRunRequest:SendTestRunStatsChange: Completed.
TpTrace Verbose: 0 : 29260, 13, 2021/07/15, 10:10:18.906, 630565839422, vstest.console.dll, ParallelProxyExecutionManager: HandlePartialRunComplete: Total completed clients = 1, Run complete = True, Run canceled: False.
TpTrace Verbose: 0 : 29260, 13, 2021/07/15, 10:10:18.946, 630566247213, vstest.console.dll, TestRunRequest:TestRunComplete: Starting. IsAborted:False IsCanceled:False.
TpTrace Verbose: 0 : 29260, 13, 2021/07/15, 10:10:18.947, 630566251972, vstest.console.dll, TestLoggerManager.HandleTestRunComplete: Ignoring as the object is disposed.
TpTrace Information: 0 : 29260, 13, 2021/07/15, 10:10:18.947, 630566258050, vstest.console.dll, TestRunRequest:TestRunComplete: Completed.
TpTrace Verbose: 0 : 29260, 1, 2021/07/15, 10:10:18.948, 630566259086, vstest.console.dll, TestRunRequest.Dispose: Starting.
TpTrace Verbose: 0 : 29260, 13, 2021/07/15, 10:10:18.948, 630566259259, vstest.console.dll, TestRequestSender.SetOperationComplete: Setting operation complete.
TpTrace Information: 0 : 29260, 1, 2021/07/15, 10:10:18.948, 630566260630, vstest.console.dll, TestRunRequest.Dispose: Completed.
TpTrace Information: 0 : 29260, 13, 2021/07/15, 10:10:18.948, 630566262284, vstest.console.dll, SocketServer.Stop: Stop server endPoint: 127.0.0.1:1615
TpTrace Information: 0 : 29260, 1, 2021/07/15, 10:10:18.948, 630566263966, vstest.console.dll, TestRequestManager.RunTests: run tests completed.
TpTrace Information: 0 : 29260, 13, 2021/07/15, 10:10:18.948, 630566265198, vstest.console.dll, SocketServer.Stop: Cancellation requested. Stopping message loop.
TpTrace Information: 0 : 29260, 1, 2021/07/15, 10:10:18.948, 630566267456, vstest.console.dll, RunTestsArgumentProcessor:Execute: Test run is completed.
TpTrace Information: 0 : 29260, 13, 2021/07/15, 10:10:18.948, 630566268434, vstest.console.dll, SocketServer.PrivateStop: Stop server endPoint: 127.0.0.1:1615 error: 
TpTrace Verbose: 0 : 29260, 1, 2021/07/15, 10:10:18.949, 630566272143, vstest.console.dll, Executor.Execute: Exiting with exit code of 0
